<?xml version="1.0" encoding="UTF-8"?>
<!-- Generated by org.testng.reporters.JUnitXMLReporter -->
<testsuite hostname="RamaSwamy" name="Test" tests="15" failures="0" timestamp="28 Aug 2017 12:17:10 GMT" time="178.144" errors="0">
  <testcase name="HomePageEle_Home" time="0.794" classname="ai_TC_For_AppICEHomePage.AppICEHomePage"/>
  <testcase name="HomePageEle_Product" time="0.791" classname="ai_TC_For_AppICEHomePage.AppICEHomePage"/>
  <testcase name="HomePageEle_AboutUs" time="0.796" classname="ai_TC_For_AppICEHomePage.AppICEHomePage"/>
  <testcase name="HomePageEle_Blog" time="28.348" classname="ai_TC_For_AppICEHomePage.AppICEHomePage"/>
  <testcase name="loginpage_ValidUnAndValidPw" time="17.732" classname="ai_TC_For_AppICEHomePage.AppICEHomePage"/>
  <testcase name="loginpage_EmtUnAndValidPw" time="4.394" classname="ai_TC_For_AppICEHomePage.AppICEHomePage"/>
  <testcase name="loginpage_ValidUnAndEmptPw" time="4.072" classname="ai_TC_For_AppICEHomePage.AppICEHomePage"/>
  <testcase name="loginpage_ValidUnAndInvalidPw" time="5.398" classname="ai_TC_For_AppICEHomePage.AppICEHomePage"/>
  <testcase name="loginpage_InValidUnAndValidPw" time="8.444" classname="ai_TC_For_AppICEHomePage.AppICEHomePage"/>
  <testcase name="loginpage_InValidRandAndvalid" time="7.079" classname="ai_TC_For_AppICEHomePage.AppICEHomePage"/>
  <testcase name="RegisterPageInValidData" time="19.082" classname="ai_TC_For_AppICEHomePage.AppICERegisterPage"/>
  <testcase name="RegisterPageInValidData" time="11.02" classname="ai_TC_For_AppICEHomePage.AppICERegisterPage"/>
  <testcase name="RegisterPageInValidData" time="11.025" classname="ai_TC_For_AppICEHomePage.AppICERegisterPage"/>
  <testcase name="RegisterPageInValidData" time="11.078" classname="ai_TC_For_AppICEHomePage.AppICERegisterPage"/>
  <testcase name="RegisterPageValidData" time="7.272" classname="ai_TC_For_AppICEHomePage.AppICERegisterPage"/>
</testsuite> <!-- Test -->
